# JRE version: OpenJDK Runtime Environment (8.0_242-b01) (build 1.8.0_242-release-1644-b01)
# Java VM: OpenJDK 64-Bit Server VM (25.242-b01 mixed mode windows-amd64 compressed oops)
Heap:
 PSYoungGen      total 355328K, used 207635K [0x00000000d5580000, 0x00000000f0280000, 0x0000000100000000)
  eden space 317440K, 63% used [0x00000000d5580000,0x00000000e190bc10,0x00000000e8b80000)
  from space 37888K, 19% used [0x00000000e8b80000,0x00000000e92b92c0,0x00000000eb080000)
  to   space 37376K, 0% used [0x00000000ede00000,0x00000000ede00000,0x00000000f0280000)
 ParOldGen       total 217088K, used 101742K [0x0000000080000000, 0x000000008d400000, 0x00000000d5580000)
  object space 217088K, 46% used [0x0000000080000000,0x000000008635ba88,0x000000008d400000)
 Metaspace       used 108883K, capacity 115494K, committed 115672K, reserved 1148928K
  class space    used 14305K, capacity 15539K, committed 15616K, reserved 1048576K
GC Heap History (10 events):
Event: 1610.620 GC heap before
{Heap before GC invocations=21 (full 4):
 PSYoungGen      total 262144K, used 27334K [0x00000000d5580000, 0x00000000e9d80000, 0x0000000100000000)
  eden space 234496K, 0% used [0x00000000d5580000,0x00000000d5580000,0x00000000e3a80000)
  from space 27648K, 98% used [0x00000000e3a80000,0x00000000e5531890,0x00000000e5580000)
  to   space 31744K, 0% used [0x00000000e7e80000,0x00000000e7e80000,0x00000000e9d80000)
 ParOldGen       total 138752K, used 66003K [0x0000000080000000, 0x0000000088780000, 0x00000000d5580000)
  object space 138752K, 47% used [0x0000000080000000,0x0000000084074d48,0x0000000088780000)
 Metaspace       used 93160K, capacity 98314K, committed 98380K, reserved 1134592K
  class space    used 12493K, capacity 13538K, committed 13568K, reserved 1048576K
Event: 1611.314 GC heap after
Heap after GC invocations=21 (full 4):
 PSYoungGen      total 262144K, used 0K [0x00000000d5580000, 0x00000000e9d80000, 0x0000000100000000)
  eden space 234496K, 0% used [0x00000000d5580000,0x00000000d5580000,0x00000000e3a80000)
  from space 27648K, 0% used [0x00000000e3a80000,0x00000000e3a80000,0x00000000e5580000)
  to   space 31744K, 0% used [0x00000000e7e80000,0x00000000e7e80000,0x00000000e9d80000)
 ParOldGen       total 217088K, used 74870K [0x0000000080000000, 0x000000008d400000, 0x00000000d5580000)
  object space 217088K, 34% used [0x0000000080000000,0x000000008491da10,0x000000008d400000)
 Metaspace       used 92847K, capacity 97364K, committed 98380K, reserved 1134592K
  class space    used 12392K, capacity 13357K, committed 13568K, reserved 1048576K
}
Event: 1613.501 GC heap before
{Heap before GC invocations=22 (full 4):
 PSYoungGen      total 262144K, used 234496K [0x00000000d5580000, 0x00000000e9d80000, 0x0000000100000000)
  eden space 234496K, 100% used [0x00000000d5580000,0x00000000e3a80000,0x00000000e3a80000)
  from space 27648K, 0% used [0x00000000e3a80000,0x00000000e3a80000,0x00000000e5580000)
  to   space 31744K, 0% used [0x00000000e7e80000,0x00000000e7e80000,0x00000000e9d80000)
 ParOldGen       total 217088K, used 74870K [0x0000000080000000, 0x000000008d400000, 0x00000000d5580000)
  object space 217088K, 34% used [0x0000000080000000,0x000000008491da10,0x000000008d400000)
 Metaspace       used 96620K, capacity 101668K, committed 101976K, reserved 1136640K
  class space    used 12881K, capacity 13915K, committed 13952K, reserved 1048576K
Event: 1613.640 GC heap after
Heap after GC invocations=22 (full 4):
 PSYoungGen      total 302080K, used 24215K [0x00000000d5580000, 0x00000000eae00000, 0x0000000100000000)
  eden space 270336K, 0% used [0x00000000d5580000,0x00000000d5580000,0x00000000e5d80000)
  from space 31744K, 76% used [0x00000000e7e80000,0x00000000e9625dd8,0x00000000e9d80000)
  to   space 33792K, 0% used [0x00000000e5d80000,0x00000000e5d80000,0x00000000e7e80000)
 ParOldGen       total 217088K, used 74878K [0x0000000080000000, 0x000000008d400000, 0x00000000d5580000)
  object space 217088K, 34% used [0x0000000080000000,0x000000008491fa10,0x000000008d400000)
 Metaspace       used 96620K, capacity 101668K, committed 101976K, reserved 1136640K
  class space    used 12881K, capacity 13915K, committed 13952K, reserved 1048576K
}
Event: 1618.419 GC heap before
{Heap before GC invocations=23 (full 4):
 PSYoungGen      total 302080K, used 294551K [0x00000000d5580000, 0x00000000eae00000, 0x0000000100000000)
  eden space 270336K, 100% used [0x00000000d5580000,0x00000000e5d80000,0x00000000e5d80000)
  from space 31744K, 76% used [0x00000000e7e80000,0x00000000e9625dd8,0x00000000e9d80000)
  to   space 33792K, 0% used [0x00000000e5d80000,0x00000000e5d80000,0x00000000e7e80000)
 ParOldGen       total 217088K, used 74878K [0x0000000080000000, 0x000000008d400000, 0x00000000d5580000)
  object space 217088K, 34% used [0x0000000080000000,0x000000008491fa10,0x000000008d400000)
 Metaspace       used 106223K, capacity 112120K, committed 112344K, reserved 1146880K
  class space    used 14177K, capacity 15328K, committed 15360K, reserved 1048576K
Event: 1618.475 GC heap after
Heap after GC invocations=23 (full 4):
 PSYoungGen      total 304128K, used 33776K [0x00000000d5580000, 0x00000000edf80000, 0x0000000100000000)
  eden space 270336K, 0% used [0x00000000d5580000,0x00000000d5580000,0x00000000e5d80000)
  from space 33792K, 99% used [0x00000000e5d80000,0x00000000e7e7c2b8,0x00000000e7e80000)
  to   space 39424K, 0% used [0x00000000eb900000,0x00000000eb900000,0x00000000edf80000)
 ParOldGen       total 217088K, used 76826K [0x0000000080000000, 0x000000008d400000, 0x00000000d5580000)
  object space 217088K, 35% used [0x0000000080000000,0x0000000084b06ad0,0x000000008d400000)
 Metaspace       used 106223K, capacity 112120K, committed 112344K, reserved 1146880K
  class space    used 14177K, capacity 15328K, committed 15360K, reserved 1048576K
}
Event: 1701.236 GC heap before
{Heap before GC invocations=24 (full 4):
 PSYoungGen      total 304128K, used 304112K [0x00000000d5580000, 0x00000000edf80000, 0x0000000100000000)
  eden space 270336K, 100% used [0x00000000d5580000,0x00000000e5d80000,0x00000000e5d80000)
  from space 33792K, 99% used [0x00000000e5d80000,0x00000000e7e7c2b8,0x00000000e7e80000)
  to   space 39424K, 0% used [0x00000000eb900000,0x00000000eb900000,0x00000000edf80000)
 ParOldGen       total 217088K, used 76826K [0x0000000080000000, 0x000000008d400000, 0x00000000d5580000)
  object space 217088K, 35% used [0x0000000080000000,0x0000000084b06ad0,0x000000008d400000)
 Metaspace       used 107177K, capacity 113222K, committed 113496K, reserved 1146880K
  class space    used 14236K, capacity 15425K, committed 15488K, reserved 1048576K
Event: 1701.346 GC heap after
Heap after GC invocations=24 (full 4):
 PSYoungGen      total 346624K, used 13470K [0x00000000d5580000, 0x00000000ed580000, 0x0000000100000000)
  eden space 317440K, 0% used [0x00000000d5580000,0x00000000d5580000,0x00000000e8b80000)
  from space 29184K, 46% used [0x00000000eb900000,0x00000000ec627a80,0x00000000ed580000)
  to   space 37888K, 0% used [0x00000000e8b80000,0x00000000e8b80000,0x00000000eb080000)
 ParOldGen       total 217088K, used 101734K [0x0000000080000000, 0x000000008d400000, 0x00000000d5580000)
  object space 217088K, 46% used [0x0000000080000000,0x0000000086359a88,0x000000008d400000)
 Metaspace       used 107177K, capacity 113222K, committed 113496K, reserved 1146880K
  class space    used 14236K, capacity 15425K, committed 15488K, reserved 1048576K
}
Event: 1781.609 GC heap before
{Heap before GC invocations=25 (full 4):
 PSYoungGen      total 346624K, used 330910K [0x00000000d5580000, 0x00000000ed580000, 0x0000000100000000)
  eden space 317440K, 100% used [0x00000000d5580000,0x00000000e8b80000,0x00000000e8b80000)
  from space 29184K, 46% used [0x00000000eb900000,0x00000000ec627a80,0x00000000ed580000)
  to   space 37888K, 0% used [0x00000000e8b80000,0x00000000e8b80000,0x00000000eb080000)
 ParOldGen       total 217088K, used 101734K [0x0000000080000000, 0x000000008d400000, 0x00000000d5580000)
  object space 217088K, 46% used [0x0000000080000000,0x0000000086359a88,0x000000008d400000)
 Metaspace       used 108132K, capacity 114496K, committed 114648K, reserved 1148928K
  class space    used 14280K, capacity 15498K, committed 15616K, reserved 1048576K
Event: 1781.674 GC heap after
Heap after GC invocations=25 (full 4):
 PSYoungGen      total 355328K, used 7396K [0x00000000d5580000, 0x00000000f0280000, 0x0000000100000000)
  eden space 317440K, 0% used [0x00000000d5580000,0x00000000d5580000,0x00000000e8b80000)
  from space 37888K, 19% used [0x00000000e8b80000,0x00000000e92b92c0,0x00000000eb080000)
  to   space 37376K, 0% used [0x00000000ede00000,0x00000000ede00000,0x00000000f0280000)
 ParOldGen       total 217088K, used 101742K [0x0000000080000000, 0x000000008d400000, 0x00000000d5580000)
  object space 217088K, 46% used [0x0000000080000000,0x000000008635ba88,0x000000008d400000)
 Metaspace       used 108132K, capacity 114496K, committed 114648K, reserved 1148928K
  class space    used 14280K, capacity 15498K, committed 15616K, reserved 1048576K
}

